[08:41] [info] OpenGOAL Runtime 1.0
[08:41] [info] GFX Init
[08:41] [info] Loading display settings at C:\Users\itzke\AppData\Roaming\OpenGOAL\jak1\misc\debug-settings.json
[08:41] [info] SDL Initialized, compiled with version - 2.26.5 | linked with version - 2.26.5
[08:41] [info] gl init took 0.211s

[08:41] [debug] OpenGL context information: 4.3.0 Core Profile Context 23.8.2.230810
[08:41] [info] OpenGL initialized - v4.3 | Renderer: 4.3.0 Core Profile Context 23.8.2.230810
[08:41] [info] Loading display settings at C:\Users\itzke\AppData\Roaming\OpenGOAL\jak1\settings\display-settings.json
[08:41] [info] Loading display settings at C:\Users\itzke\AppData\Roaming\OpenGOAL\jak1\settings\display-settings.json
[08:41] [info] Loading display settings at C:\Users\itzke\AppData\Roaming\OpenGOAL\jak1\settings\input-settings.json
[08:41] [error] Controller with device id 0 is not avaiable via the GameController API
[08:41] [error] Controller with device id 1 is not avaiable via the GameController API
[08:41] [error] Controller with device id 2 is not avaiable via the GameController API
[08:41] [warn] No active game controllers could be found or loaded successfully - inputs will not work!
[08:41] [debug] [VM] Preparing...
[08:41] [debug] [VM] Prepared
[08:41] [debug] # Initialize IOP...
[08:41] [debug] [IOP] Restart!
[08:41] [debug] # IOP initialized
[08:41] [debug] [IOP] Wait for OVERLORD to start...
[08:41] [debug] # Initialize DMP...
[08:41] [debug] # DMP initialized
[08:41] [debug] [DECI2] Waiting for EE to register protos
[08:41] [debug] # Initialize EE...
[08:41] [debug] Main memory mapped at 0x000001b4dcde0000
[08:41] [debug] Main memory size 0x8000000 bytes (128.000 MB)
[08:41] [debug] [EE] Initialization complete!
[08:41] [debug] # EE initialized
[08:41] [debug] [EE] Run!
[08:41] [info] GFX Loop
[08:41] [info] gkernel: global heap 0x0013fd20 to 0x03eb82e0 (size 61.470 MB)
[08:41] [info] gkernel: debug heap 0x05000000 to 0x07ff0000 (size 47.938 MB, gap 17.281 MB)
[08:41] [debug] Rebooting IOP...
[08:41] [debug] Initializing CD library...
[08:41] [debug] [IOP] Run!
[08:41] [debug] [OVERLORD] LoadISOFileToIOP VAGDIR  AYB, 10420/-1 bytes
[08:41] [debug] [OVERLORD] Queue 2 (1/4), LoadSingle
[08:41] [debug]   PRI 2 elt 0 LoadSingle @ #x1B4E60B8D98
[08:41] [debug] [OVERLORD] FS Open VAGDIR  AYB
[08:41] [debug] [OVERLORD] FS_Close VAGDIR  AYB @ 281/48
[08:41] [info] InitIOP OK
[08:41] [info] [DECI2] Add new protocol driver 1 for 0xe042
[08:41] [info] InitSound
[08:41] [info] InitRPC
[08:41] [info] Initialized GOAL heap in 0.072 ms
[08:41] [debug] [Load and Link DGO From C] kernel
[08:41] [info] [XSocketServer:8112] initialized
[08:41] [info] [Deci2Server:8112] awaiting connections
[08:41] [debug] [Begin Loading DGO RPC] KERNEL.CGO, 0x36b82c0, 0x3ab82c0, 0x182e40
[08:41] [debug] [DECI2] Waiting for listener...
[08:41] [debug] [OVERLORD] Queue 0 (1/4), LoadDGO
[08:41] [debug]   PRI 0 elt 0 LoadDGO @ #x7FF7B9F426B8
[08:41] [debug] [OVERLORD] FS Open KERNEL  CGO
[08:41] [info] [Overlord DGO] Got DGO file header for KERNEL.CGO with 8 objects
[08:41] [debug] [link and exec] gcommon            0  20748 heap-use   274666  3145728: 0x182e0a
[08:41] [info] link finish: gcommon
[08:41] [debug] [link and exec] gstring-h          0     95 heap-use   289456  3146442: 0x1867d0
[08:41] [info] link finish: gstring-h
[08:41] [debug] [link and exec] gkernel-h          0  14774 heap-use   289456  3146442: 0x1867d0
[08:41] [info] link finish: gkernel-h
[08:41] [debug] [link and exec] gkernel            0  34558 heap-use   290992  3155628: 0x186dd0
[08:41] [info] link finish: gkernel
[08:41] [debug] [link and exec] pskernel           0   5226 heap-use  3659312  4215640: 0x4bd350
[08:41] [info] link finish: pskernel
[08:41] [debug] [link and exec] gstring            0  11883 heap-use  3661680  4216671: 0x4bdc90
[08:41] [info] link finish: gstring
[08:41] [debug] [link and exec] dgo-h              0   1226 heap-use  3704793  4216671: 0x4c84f9
[08:41] [info] link finish: dgo-h
[08:41] [debug] [OVERLORD] FS_Close KERNEL  CGO @ 169/72
[08:41] [debug] [link and exec] gstate             1   2714 heap-use  3704992  4217243: 0x4c85c0
[08:41] [info] link finish: gstate
[08:41] [info] Got correct kernel version 2.0, loaded in 11 ms
[08:41] [debug] [Load and Link DGO From C] game
[08:41] [debug] [Begin Loading DGO RPC] GAME.CGO, 0x36b82c0, 0x3ab82c0, 0x4cca80
[08:41] [debug] [OVERLORD] Queue 0 (1/4), LoadDGO
[08:41] [debug]   PRI 0 elt 0 LoadDGO @ #x7FF7B9F426B8
[08:41] [debug] [OVERLORD] FS Open GAME    CGO
[08:41] [info] [Overlord DGO] Got DGO file header for GAME.CGO with 345 objects
[08:41] [debug] [link and exec] types-h            0    717 heap-use  3722560  4217243: 0x4cca60
[08:41] [info] link finish: types-h
[08:41] [debug] [link and exec] vu1-macros         0   3923 heap-use  3722736  4217427: 0x4ccb10
[08:41] [info] link finish: vu1-macros
[08:41] [debug] [link and exec] math               0   4276 heap-use  3723360  4219761: 0x4ccd80
[08:41] [info] link finish: math
[08:41] [debug] [link and exec] vector-h           0  23682 heap-use  3725736  4220325: 0x4cd6c8
[08:41] [info] link finish: vector-h
[08:41] [debug] [link and exec] gravity-h          0     95 heap-use  3730944  4232130: 0x4ceb20
[08:41] [info] link finish: gravity-h
[08:41] [debug] [link and exec] bounding-box-h     0   1636 heap-use  3730944  4232130: 0x4ceb20
[08:41] [info] link finish: bounding-box-h
[08:41] [debug] [link and exec] matrix-h           0   1888 heap-use  3731264  4232908: 0x4cec60
[08:41] [info] link finish: matrix-h
[08:41] [debug] [link and exec] quaternion-h       0   1181 heap-use  3731616  4233771: 0x4cedc0
[08:41] [info] link finish: quaternion-h
[08:41] [debug] [link and exec] euler-h            0   1206 heap-use  3731760  4234369: 0x4cee50
[08:41] [info] link finish: euler-h
[08:41] [debug] [link and exec] transform-h        0   1326 heap-use  3731952  4234897: 0x4cef10
[08:41] [info] link finish: transform-h
[08:41] [debug] [link and exec] geometry-h         0   1624 heap-use  3732128  4235588: 0x4cefc0
[08:41] [info] link finish: geometry-h
[08:41] [debug] [link and exec] trigonometry-h     0     95 heap-use  3732304  4236485: 0x4cf070
[08:41] [info] link finish: trigonometry-h
[08:41] [debug] [link and exec] transformq-h       0   3555 heap-use  3732304  4236485: 0x4cf070
[08:41] [info] link finish: transformq-h
[08:41] [debug] [link and exec] bounding-box       0   2055 heap-use  3732960  4238465: 0x4cf300
[08:41] [info] link finish: bounding-box
[08:41] [debug] [link and exec] matrix             0  30561 heap-use  3734299  4238465: 0x4cf83b
[08:41] [info] link finish: matrix
[08:41] [debug] [link and exec] transform          0   2460 heap-use  3761584  4238465: 0x4d62d0
[08:41] [info] link finish: transform
[08:41] [debug] [link and exec] quaternion         0  17844 heap-use  3763241  4238465: 0x4d6949
[08:41] [info] link finish: quaternion
[08:41] [debug] [link and exec] euler              0   4664 heap-use  3776493  4238861: 0x4d9d0d
[08:41] [info] link finish: euler
[08:41] [debug] [link and exec] geometry           0  27508 heap-use  3780337  4238861: 0x4dac11
[08:41] [info] link finish: geometry
[08:41] [debug] [link and exec] trigonometry       0  16085 heap-use  3802641  4238861: 0x4e0331
[08:41] [info] link finish: trigonometry
[08:41] [debug] [link and exec] gsound-h           0  30052 heap-use  3814672  4238947: 0x4e3230
[08:41] [info] link finish: gsound-h
[08:41] [debug] [link and exec] timer-h            0   5187 heap-use  3818384  4257058: 0x4e40b0
[08:41] [info] link finish: timer-h
[08:41] [debug] [link and exec] timer              0   2271 heap-use  3819472  4259646: 0x4e44f0
[08:41] [info] link finish: timer
[08:41] [debug] [link and exec] vif-h              0   6320 heap-use  3821076  4259646: 0x4e4b34
[08:41] [info] link finish: vif-h
[08:41] [debug] [link and exec] dma-h              0  15222 heap-use  3822192  4263155: 0x4e4f90
[08:41] [info] link finish: dma-h
[08:41] [debug] [link and exec] video-h            0   2131 heap-use  3824976  4271554: 0x4e5a70
[08:41] [info] link finish: video-h
[08:41] [debug] [link and exec] vu1-user-h         0   2832 heap-use  3825184  4272844: 0x4e5b40
[08:41] [info] link finish: vu1-user-h
[08:41] [debug] [link and exec] dma                0   4367 heap-use  3825664  4274326: 0x4e5d20
[08:41] [info] link finish: dma
[08:41] [debug] [link and exec] dma-buffer         0   4254 heap-use  3828952  4274326: 0x4e69f8
[08:41] [info] link finish: dma-buffer
[08:41] [debug] [link and exec] dma-bucket         0    588 heap-use  3830256  4275890: 0x4e6f10
[08:41] [info] link finish: dma-bucket
[08:41] [debug] [link and exec] dma-disasm         0  15931 heap-use  3830641  4275890: 0x4e7091
[08:41] [info] link finish: dma-disasm
[08:41] [debug] [link and exec] pckernel-h         0  13140 heap-use  3830968  4288605: 0x4e71d8
[08:41] [info] link finish: pckernel-h
[08:41] [debug] [link and exec] pckernel-impl      0  13155 heap-use  3836921  4295611: 0x4e8919
[08:41] [info] link finish: pckernel-impl
[08:41] [debug] [link and exec] pc-debug-common    0    148 heap-use  3838240  4304366: 0x4e8e40
[08:41] [info] link finish: pc-debug-common
[08:41] [debug] [link and exec] pc-debug-methods   0  11205 heap-use  3838240  4304366: 0x4e8e40
[08:41] [info] link finish: pc-debug-methods
[08:41] [debug] [link and exec] pad                0   8555 heap-use  3838531  4313076: 0x4e8f63
[08:41] [info] link finish: pad
[08:41] [debug] [link and exec] gs                 0  43764 heap-use  3842776  4315836: 0x4e9ff8
[08:41] [info] link finish: gs
[08:41] [debug] [link and exec] display-h          0   9685 heap-use  3852480  4340284: 0x4ec5e0
[08:41] [info] link finish: display-h
[08:41] [debug] [link and exec] vector             0  16273 heap-use  3854064  4345890: 0x4ecc10
[08:41] [info] link finish: vector
[08:41] [debug] [link and exec] file-io            0   4610 heap-use  3866128  4345890: 0x4efb30
[08:41] [info] link finish: file-io
[08:41] [debug] [link and exec] loader-h           0   6562 heap-use  3868409  4346798: 0x4f0419
[08:41] [info] link finish: loader-h
[08:41] [debug] [link and exec] texture-h          0  11229 heap-use  3869808  4350120: 0x4f0990
[08:41] [info] link finish: texture-h
[08:41] [debug] [link and exec] level-h            0  20335 heap-use  3871744  4356347: 0x4f1120
[08:41] [info] link finish: level-h
[08:41] [debug] [link and exec] math-camera-h      0   7872 heap-use  3880816  4364276: 0x4f3490
[08:41] [info] link finish: math-camera-h
[08:41] [debug] [link and exec] math-camera        0  18058 heap-use  3881104  4369958: 0x4f35b0
[08:41] [info] link finish: math-camera
[08:41] [debug] [link and exec] font-h             0  11709 heap-use  3895668  4370202: 0x4f6e94
[08:41] [info] link finish: font-h
[08:41] [debug] [link and exec] decomp-h           0    870 heap-use  3900080  4374895: 0x4f7fd0
[08:41] [info] link finish: decomp-h
[08:41] [debug] [link and exec] display            0  12932 heap-use  3900176  4375318: 0x4f8030
[08:41] [info] link finish: display
[08:41] [debug] [link and exec] connect            0  10502 heap-use 20302820 37995700: 0x149c904
[08:41] [info] link finish: connect
[08:41] [debug] [link and exec] text-h             0  64478 heap-use 20307808 37997691: 0x149dc80
[08:41] [info] link finish: text-h
[08:41] [debug] [link and exec] settings-h         0   9893 heap-use 20357424 38047042: 0x14a9e50
[08:41] [info] link finish: settings-h
[08:41] [debug] [link and exec] knuth-rand         0   1924 heap-use 20360832 38050933: 0x14aaba0
[08:41] [info] link finish: knuth-rand
[08:41] [debug] [link and exec] capture            0   3807 heap-use 20361856 38051093: 0x14aafa0
[08:41] [info] link finish: capture
[08:41] [debug] [link and exec] memory-usage-h     0   1604 heap-use 20362048 38053703: 0x14ab060
[08:41] [info] link finish: memory-usage-h
[08:41] [debug] [link and exec] texture            0  39692 heap-use 20362352 38057872: 0x14ab190
[08:41] [info] link finish: texture
[08:41] [debug] [link and exec] main-h             0   5265 heap-use 20397376 38059806: 0x14b3a60
[08:41] [info] link finish: main-h
[08:41] [debug] [link and exec] mspace-h           0   4691 heap-use 20401040 38060262: 0x14b48b0
[08:41] [info] link finish: mspace-h
[08:41] [debug] [link and exec] drawable-h         0   1137 heap-use 20401712 38062811: 0x14b4b50
[08:41] [info] link finish: drawable-h
[08:41] [debug] [link and exec] drawable-group-h   0    844 heap-use 20401968 38063349: 0x14b4c50
[08:41] [info] link finish: drawable-group-h
[08:41] [debug] [link and exec] drawable-inline-array-h 0    709 heap-use 20402128 38063739: 0x14b4cf0
[08:41] [info] link finish: drawable-inline-array-h
[08:41] [debug] [link and exec] draw-node-h        0   2203 heap-use 20402256 38064039: 0x14b4d70
[08:41] [info] link finish: draw-node-h
[08:41] [debug] [link and exec] drawable-tree-h    0   1539 heap-use 20402624 38065229: 0x14b4ee0
[08:41] [info] link finish: drawable-tree-h
[08:41] [debug] [link and exec] drawable-actor-h   0   2209 heap-use 20402880 38066060: 0x14b4fe0
[08:41] [info] link finish: drawable-actor-h
[08:41] [debug] [link and exec] drawable-ambient-h 0   3832 heap-use 20403296 38067194: 0x14b5180
[08:41] [info] link finish: drawable-ambient-h
[08:41] [debug] [link and exec] game-task-h        0     95 heap-use 20403952 38069263: 0x14b5410
[08:41] [info] link finish: game-task-h
[08:41] [debug] [link and exec] hint-control-h     0   2074 heap-use 20403952 38069263: 0x14b5410
[08:41] [info] link finish: hint-control-h
[08:41] [debug] [link and exec] generic-h          0  15975 heap-use 20404240 38070326: 0x14b5530
[08:41] [info] link finish: generic-h
[08:41] [debug] [link and exec] lights-h           0   6246 heap-use 20415200 38080172: 0x14b8000
[08:41] [info] link finish: lights-h
[08:41] [debug] [link and exec] ocean-h            0  29679 heap-use 20416304 38083549: 0x14b8450
[08:41] [info] link finish: ocean-h
[08:41] [debug] [link and exec] ocean-trans-tables 0   5384 heap-use 20422752 38099983: 0x14b9d80
[08:41] [info] link finish: ocean-trans-tables
[08:41] [debug] [link and exec] ocean-tables       0  58277 heap-use 20427561 38099983: 0x14bb049
[08:41] [info] link finish: ocean-tables
[08:41] [debug] [link and exec] ocean-frames       0  65692 heap-use 20484551 38099983: 0x14c8ee7
[08:41] [info] link finish: ocean-frames
[08:41] [debug] [link and exec] sky-h              0   9267 heap-use 20550124 38099983: 0x14d8f0c
[08:41] [info] link finish: sky-h
[08:41] [debug] [link and exec] mood-h             0   6990 heap-use 20553072 38105090: 0x14d9a90
[08:41] [info] link finish: mood-h
[08:41] [debug] [link and exec] time-of-day-h      0   9101 heap-use 20554448 38108634: 0x14d9ff0
[08:41] [info] link finish: time-of-day-h
[08:41] [debug] [link and exec] art-h              0  18745 heap-use 20557536 38112910: 0x14dac00
[08:41] [info] link finish: art-h
[08:41] [debug] [link and exec] generic-vu1-h      0   2874 heap-use 20559792 38124515: 0x14db4d0
[08:41] [info] link finish: generic-vu1-h
[08:41] [debug] [link and exec] merc-h             0  23777 heap-use 20560080 38126260: 0x14db5f0
[08:41] [info] link finish: merc-h
[08:41] [debug] [link and exec] generic-merc-h     0   9675 heap-use 20562544 38141222: 0x14dbf90
[08:41] [info] link finish: generic-merc-h
[08:41] [debug] [link and exec] generic-tie-h      0  15570 heap-use 20563424 38147533: 0x14dc300
[08:41] [info] link finish: generic-tie-h
[08:41] [debug] [link and exec] generic-work-h     0   5966 heap-use 20564880 38157428: 0x14dc8b0
[08:41] [info] link finish: generic-work-h
[08:41] [debug] [link and exec] shadow-cpu-h       0  10909 heap-use 20566092 38160852: 0x14dcd6c
[08:41] [info] link finish: shadow-cpu-h
[08:41] [debug] [link and exec] shadow-vu1-h       0     95 heap-use 20568288 38166603: 0x14dd600
[08:41] [info] link finish: shadow-vu1-h
[08:41] [debug] [link and exec] memcard-h          0   4404 heap-use 20568288 38166603: 0x14dd600
[08:41] [info] link finish: memcard-h
[08:41] [debug] [link and exec] game-info-h        0   9601 heap-use 20569552 38168427: 0x14ddaf0
[08:41] [info] link finish: game-info-h
[08:41] [debug] [link and exec] wind-h             0   1730 heap-use 20572208 38174224: 0x14de550
[08:41] [info] link finish: wind-h
[08:41] [debug] [link and exec] prototype-h        0  12838 heap-use 20572608 38174970: 0x14de6e0
[08:41] [info] link finish: prototype-h
[08:41] [debug] [link and exec] joint-h            0   6755 heap-use 20573488 38183867: 0x14dea50
[08:41] [info] link finish: joint-h
[08:41] [debug] [link and exec] bones-h            0   6607 heap-use 20573968 38188353: 0x14dec30
[08:41] [info] link finish: bones-h
[08:41] [debug] [link and exec] engines            0    662 heap-use 20574912 38192154: 0x14defe0
[08:41] [info] link finish: engines
[08:41] [debug] [link and exec] res-h              0   1758 heap-use 20604304 38208640: 0x14e62b0
[08:41] [info] link finish: res-h
[08:41] [debug] [link and exec] res                0  15566 heap-use 20604729 38209478: 0x14e6459
[08:41] [info] link finish: res
[08:41] [debug] [link and exec] lights             0   2041 heap-use 20617872 38209478: 0x14e97b0
[08:41] [info] link finish: lights
[08:41] [debug] [link and exec] dynamics-h         0   1915 heap-use 20619200 38209478: 0x14e9ce0
[08:41] [info] link finish: dynamics-h
[08:41] [debug] [link and exec] surface-h          0  17873 heap-use 20619831 38210166: 0x14e9f57
[08:41] [info] link finish: surface-h
[08:41] [debug] [link and exec] pat-h              0   5391 heap-use 20631816 38212652: 0x14ece28
[08:41] [info] link finish: pat-h
[08:41] [debug] [link and exec] fact-h             0  10425 heap-use 20632288 38215885: 0x14ed000
[08:41] [info] link finish: fact-h
[08:41] [debug] [link and exec] aligner-h          0   1605 heap-use 20635280 38220697: 0x14edbb0
[08:41] [info] link finish: aligner-h
[08:41] [debug] [link and exec] game-h             0   4286 heap-use 20635520 38221464: 0x14edca0
[08:41] [info] link finish: game-h
[08:41] [debug] [link and exec] generic-obs-h      0   9710 heap-use 20636208 38224092: 0x14edf50
[08:41] [info] link finish: generic-obs-h
[08:41] [debug] [link and exec] pov-camera-h       0   1254 heap-use 20637280 38230492: 0x14ee380
[08:41] [info] link finish: pov-camera-h
[08:41] [debug] [link and exec] sync-info-h        0   6536 heap-use 20637456 38231203: 0x14ee430
[08:41] [info] link finish: sync-info-h
[08:41] [debug] [link and exec] smush-control-h    0   3849 heap-use 20638352 38235110: 0x14ee7b0
[08:41] [info] link finish: smush-control-h
[08:41] [debug] [link and exec] trajectory-h       0    847 heap-use 20640368 38235718: 0x14eef90
[08:41] [info] link finish: trajectory-h
[08:41] [debug] [link and exec] debug-h            0   2016 heap-use 20640496 38236129: 0x14ef010
[08:41] [info] link finish: debug-h
[08:41] [debug] [link and exec] joint-mod-h        0  21795 heap-use 20640784 38237199: 0x14ef130
[08:41] [info] link finish: joint-mod-h
[08:41] [debug] [link and exec] collide-func-h     0     95 heap-use 20652816 38241159: 0x14f2030
[08:41] [info] link finish: collide-func-h
[08:41] [debug] [link and exec] collide-mesh-h     0   3914 heap-use 20652816 38241159: 0x14f2030
[08:41] [info] link finish: collide-mesh-h
[08:41] [debug] [link and exec] collide-shape-h    0  22649 heap-use 20694432 38243044: 0x14fc2c0
[08:41] [info] link finish: collide-shape-h
[08:41] [debug] [link and exec] collide-target-h   0  23410 heap-use 20735696 38256197: 0x15063f0
[08:41] [info] link finish: collide-target-h
[08:41] [debug] [link and exec] collide-touch-h    0   4418 heap-use 20736272 38274014: 0x1506630
[08:41] [info] link finish: collide-touch-h
[08:41] [debug] [link and exec] collide-edge-grab-h 0  17896 heap-use 20753080 38275863: 0x150a7d8
[08:41] [info] link finish: collide-edge-grab-h
[08:41] [debug] [link and exec] process-drawable-h 0   2063 heap-use 20763972 38281064: 0x150d264
[08:41] [info] link finish: process-drawable-h
[08:41] [debug] [link and exec] effect-control-h   0   1589 heap-use 20765495 38281064: 0x150d857
[08:41] [info] link finish: effect-control-h
[08:41] [debug] [link and exec] collide-frag-h     0   4183 heap-use 20765840 38281702: 0x150d9b0
[08:41] [info] link finish: collide-frag-h
[08:41] [debug] [link and exec] projectiles-h      0   3407 heap-use 20766448 38284142: 0x150dc10
[08:41] [info] link finish: projectiles-h
[08:41] [debug] [link and exec] target-h           0   3832 heap-use 20766976 38286300: 0x150de20
[08:41] [info] link finish: target-h
[08:41] [debug] [link and exec] depth-cue-h        0   2114 heap-use 20767296 38288707: 0x150df60
[08:41] [info] link finish: depth-cue-h
[08:41] [debug] [link and exec] stats-h            0   4282 heap-use 20767488 38289996: 0x150e020
[08:41] [info] link finish: stats-h
[08:41] [debug] [link and exec] bsp-h              0   9212 heap-use 20768192 38292059: 0x150e2e0
[08:41] [info] link finish: bsp-h
[08:41] [debug] [link and exec] collide-cache-h    0   8740 heap-use 20769824 38297204: 0x150e940
[08:41] [info] link finish: collide-cache-h
[08:41] [debug] [link and exec] collide-h          0    135 heap-use 21129680 38302038: 0x15666f0
[08:41] [info] link finish: collide-h
[08:41] [debug] [link and exec] shrubbery-h        0  18758 heap-use 21129708 38302038: 0x156670c
[08:41] [info] link finish: shrubbery-h
[08:41] [debug] [link and exec] tie-h              0  15043 heap-use 21131728 38314397: 0x1566ef0
[08:41] [info] link finish: tie-h
[08:41] [debug] [link and exec] tfrag-h            0  20586 heap-use 21132928 38324721: 0x15673a0
[08:41] [info] link finish: tfrag-h
[08:41] [debug] [link and exec] background-h       0   3147 heap-use 21135136 38338176: 0x1567c40
[08:41] [info] link finish: background-h
[08:41] [debug] [link and exec] subdivide-h        0  11349 heap-use 21135232 38340412: 0x1567ca0
[08:41] [info] link finish: subdivide-h
[08:41] [debug] [link and exec] entity-h           0  13165 heap-use 21137248 38346982: 0x1568480
[08:41] [info] link finish: entity-h
[08:41] [debug] [link and exec] sprite-h           0   6096 heap-use 21138896 38355322: 0x1568af0
[08:41] [info] link finish: sprite-h
[08:41] [debug] [link and exec] shadow-h           0   1901 heap-use 21139280 38359419: 0x1568c70
[08:41] [info] link finish: shadow-h
[08:41] [debug] [link and exec] eye-h              0   4500 heap-use 21141640 38360332: 0x15695a8
[08:41] [info] link finish: eye-h
[08:41] [debug] [link and exec] sparticle-launcher-h 0   7300 heap-use 21143136 38362147: 0x1569b80
[08:41] [info] link finish: sparticle-launcher-h
[08:41] [debug] [link and exec] sparticle-h        0   5639 heap-use 21143744 38366843: 0x1569de0
[08:41] [info] link finish: sparticle-h
[08:42] [debug] [link and exec] actor-link-h       0   5575 heap-use 21144128 38370472: 0x1569f60
[08:42] [info] link finish: actor-link-h
[08:42] [debug] [link and exec] camera-h           0  23171 heap-use 21147536 38370757: 0x156acb0
[08:42] [info] link finish: camera-h
[08:42] [debug] [link and exec] cam-debug-h        0   2866 heap-use 21150352 38385667: 0x156b7b0
[08:42] [info] link finish: cam-debug-h
[08:42] [debug] [link and exec] cam-interface-h    0    783 heap-use 21151022 38394640: 0x156ba4e
[08:42] [info] link finish: cam-interface-h
[08:42] [debug] [link and exec] cam-update-h       0   1520 heap-use 21151246 38394640: 0x156bb2e
[08:42] [info] link finish: cam-update-h
[08:42] [debug] [link and exec] assert-h           0   1148 heap-use 21151664 38394640: 0x156bcd0
[08:42] [info] link finish: assert-h
[08:42] [debug] [link and exec] hud-h              0   5661 heap-use 21151968 38394923: 0x156be00
[08:42] [info] link finish: hud-h
[08:42] [debug] [link and exec] progress-h         0   9883 heap-use 21152512 38398556: 0x156c020
[08:42] [info] link finish: progress-h
[08:42] [debug] [link and exec] rpc-h              0   3878 heap-use 21153360 38405416: 0x156c370
[08:42] [info] link finish: rpc-h
[08:42] [debug] [link and exec] path-h             0   3449 heap-use 21155168 38406265: 0x156ca80
[08:42] [info] link finish: path-h
[08:42] [debug] [link and exec] navigate-h         0  16280 heap-use 21156480 38407263: 0x156cfa0
[08:42] [info] link finish: navigate-h
[08:42] [debug] [link and exec] load-dgo           0   7998 heap-use 21159296 38416525: 0x156daa0
[08:42] [info] link finish: load-dgo
[08:42] [debug] [link and exec] ramdisk            0   2667 heap-use 21164761 38418027: 0x156eff9
[08:42] [info] link finish: ramdisk
[08:42] [debug] [link and exec] gsound             0  28991 heap-use 21165631 38419173: 0x156f35f
[08:42] [info] link finish: gsound
[08:42] [debug] [link and exec] transformq         0   8469 heap-use 21200872 38422582: 0x1577d08
[08:42] [info] link finish: transformq
[08:42] [debug] [link and exec] collide-func       0   4474 heap-use 21206473 38422582: 0x15792e9
[08:42] [info] link finish: collide-func
[08:42] [debug] [link and exec] joint              0  25283 heap-use 21210272 38422582: 0x157a1c0
[08:42] [info] link finish: joint
[08:42] [debug] [link and exec] cylinder           0   8007 heap-use 21229504 38422582: 0x157ece0
[08:42] [info] link finish: cylinder
[08:42] [debug] [link and exec] wind               0   1411 heap-use 21235504 38422908: 0x1580450
[08:42] [info] link finish: wind
[08:42] [debug] [link and exec] bsp                0  12690 heap-use 21237732 38422908: 0x1580d04
[08:42] [info] link finish: bsp
[08:42] [debug] [link and exec] subdivide          0  13259 heap-use 21247980 38422908: 0x158350c
[08:42] [info] link finish: subdivide
[08:42] [debug] [link and exec] sprite             0  20855 heap-use 21267104 38434308: 0x1587fc0
[08:42] [info] link finish: sprite
[08:42] [debug] [link and exec] sprite-distort     0   7084 heap-use 24651360 38437706: 0x18c2380
[08:42] [info] link finish: sprite-distort
[08:42] [debug] [link and exec] debug-sphere       0   8450 heap-use 24658640 38438243: 0x18c3ff0
[08:42] [info] link finish: debug-sphere
[08:42] [debug] [link and exec] debug              0  31419 heap-use 24666064 38438414: 0x18c5cf0
[08:42] [info] link finish: debug
[08:42] [debug] [link and exec] merc-vu1           0    163 heap-use 24668992 39581257: 0x18c6860
[08:42] [info] link finish: merc-vu1
[08:42] [debug] [link and exec] merc-blend-shape   0   7208 heap-use 24669031 39581257: 0x18c6887
[08:42] [info] link finish: merc-blend-shape
[08:42] [debug] [link and exec] merc               0  11038 heap-use 24671968 39583811: 0x18c7400
[08:42] [info] link finish: merc
[08:42] [debug] [link and exec] ripple             0   5500 heap-use 24678286 39586051: 0x18c8cae
[08:42] [info] link finish: ripple
[08:42] [debug] [link and exec] bones              0  28978 heap-use 24681524 39587108: 0x18c9954
[08:42] [info] link finish: bones
[08:42] [debug] [link and exec] generic-vu0        0    166 heap-use 24701888 39591466: 0x18ce8e0
[08:42] [info] link finish: generic-vu0
[08:42] [debug] [link and exec] generic            0   1708 heap-use 24701930 39591466: 0x18ce90a
[08:42] [info] link finish: generic
[08:42] [debug] [link and exec] generic-vu1        0   1486 heap-use 24702821 39591466: 0x18cec85
[08:42] [info] link finish: generic-vu1
[08:42] [debug] [link and exec] generic-effect     0   2637 heap-use 24703834 39591466: 0x18cf07a
[08:42] [info] link finish: generic-effect
[08:42] [debug] [link and exec] generic-merc       0   3996 heap-use 24706128 39591466: 0x18cf970
[08:42] [info] link finish: generic-merc
[08:42] [debug] [link and exec] generic-tie        0   2829 heap-use 24708672 39591754: 0x18d0360
[08:42] [info] link finish: generic-tie
[08:42] [debug] [link and exec] shadow-cpu         0  10767 heap-use 24710544 39591754: 0x18d0ab0
[08:42] [info] link finish: shadow-cpu
[08:42] [debug] [link and exec] shadow-vu1         0   6400 heap-use 24718352 39593819: 0x18d2930
[08:42] [info] link finish: shadow-vu1
[08:42] [debug] [link and exec] depth-cue          0   6055 heap-use 24721376 39595418: 0x18d3500
[08:42] [info] link finish: depth-cue
[08:42] [debug] [link and exec] font               0  33633 heap-use 24726622 39595418: 0x18d497e
[08:42] [info] link finish: font
[08:42] [debug] [link and exec] decomp             0   4539 heap-use 24759200 39595418: 0x18dc8c0
[08:42] [info] link finish: decomp
[08:42] [debug] [link and exec] background         0  10017 heap-use 24762688 39595636: 0x18dd660
[08:42] [info] link finish: background
[08:42] [debug] [link and exec] draw-node          0   2566 heap-use 24771784 39595636: 0x18df9e8
[08:42] [info] link finish: draw-node
[08:42] [debug] [link and exec] shrubbery          0  12214 heap-use 24773321 39595636: 0x18dffe9
[08:42] [info] link finish: shrubbery
[08:42] [debug] [link and exec] shrub-work         0   7886 heap-use 24782379 39595636: 0x18e234b
[08:42] [info] link finish: shrub-work
[08:42] [debug] [link and exec] tfrag-near         0   2258 heap-use 24789901 39595636: 0x18e40ad
[08:42] [info] link finish: tfrag-near
[08:42] [debug] [link and exec] tfrag              0  12087 heap-use 24790008 39596896: 0x18e4118
[08:42] [info] link finish: tfrag
[08:42] [debug] [link and exec] tfrag-methods      0  10054 heap-use 24799360 39596896: 0x18e65a0
[08:42] [info] link finish: tfrag-methods
[08:42] [debug] [link and exec] tfrag-work         0    540 heap-use 24806241 39596896: 0x18e8081
[08:42] [info] link finish: tfrag-work
[08:42] [debug] [link and exec] tie                0  14279 heap-use 24806456 39596896: 0x18e8158
[08:42] [info] link finish: tie
[08:42] [debug] [link and exec] tie-near           0   5865 heap-use 24812528 39601401: 0x18e9910
[08:42] [info] link finish: tie-near
[08:42] [debug] [link and exec] tie-work           0   1120 heap-use 24815600 39602488: 0x18ea510
[08:42] [info] link finish: tie-work
[08:42] [debug] [link and exec] tie-methods        0  11122 heap-use 24816397 39602488: 0x18ea82d
[08:42] [info] link finish: tie-methods
[08:42] [debug] [link and exec] sync-info          0  13335 heap-use 24824160 39602717: 0x18ec680
[08:42] [info] link finish: sync-info
[08:42] [debug] [link and exec] trajectory         0   2854 heap-use 24833040 39602717: 0x18ee930
[08:42] [info] link finish: trajectory
[08:42] [debug] [link and exec] sparticle-launcher 0  27563 heap-use 24834900 39602717: 0x18ef074
[08:42] [info] link finish: sparticle-launcher
[08:42] [debug] [link and exec] sparticle          0  11927 heap-use 24880432 39604399: 0x18fa250
[08:42] [info] link finish: sparticle
[08:42] [debug] [link and exec] entity-table       0   2800 heap-use 28670864 39604399: 0x1c978b0
[08:42] [info] link finish: entity-table
[08:42] [debug] [link and exec] loader             0  23368 heap-use 28675659 39604399: 0x1c98b6b
[08:42] [info] link finish: loader
[08:42] [debug] [link and exec] task-control-h     0   4575 heap-use 28694888 39604399: 0x1c9d688
[08:42] [info] link finish: task-control-h
[08:42] [debug] [link and exec] speedruns-h        0    744 heap-use 28695536 39607296: 0x1c9d910
[08:42] [info] link finish: speedruns-h
[08:42] [debug] [link and exec] game-info          0  31738 heap-use 28695632 39607600: 0x1c9d970
[08:42] [info] link finish: game-info
[08:42] [debug] [link and exec] game-save          0  45240 heap-use 28780016 39615890: 0x1cb2310
[08:42] [info] link finish: game-save
[08:42] [debug] [link and exec] settings           0   9940 heap-use 28810320 39621927: 0x1cb9970
[08:42] [info] link finish: settings
[08:42] [debug] [link and exec] pc-anim-util       0   4043 heap-use 28818464 39621927: 0x1cbb940
[08:42] [info] link finish: pc-anim-util
[08:42] [debug] [link and exec] autosplit-h        0  16067 heap-use 28821521 39621927: 0x1cbc531
[08:42] [info] link finish: autosplit-h
[08:42] [debug] [link and exec] autosplit          0  12364 heap-use 28821632 39634305: 0x1cbc5a0
[08:42] [info] link finish: autosplit
[08:42] [debug] [link and exec] speedruns          0  17584 heap-use 28832183 39634305: 0x1cbeed7
[08:42] [info] link finish: speedruns
[08:42] [debug] [link and exec] pckernel-common    0  31631 heap-use 28845541 39634305: 0x1cc2305
[08:42] [info] link finish: pckernel-common
[08:42] [debug] [link and exec] pckernel           0  58593 heap-use 28867952 39634756: 0x1cc7a90
[08:42] [info] link finish: pckernel
[08:42] [debug] [link and exec] mood-tables        0  52518 heap-use 28981904 39635012: 0x1ce37b0
[08:42] [info] link finish: mood-tables
[08:42] [debug] [link and exec] mood               0  83537 heap-use 29066148 39635012: 0x1cf80c4
[08:42] [info] link finish: mood
[08:42] [debug] [link and exec] weather-part       0  15974 heap-use 29120304 39641548: 0x1d05450
[08:42] [info] link finish: weather-part
[08:42] [debug] [link and exec] time-of-day        0  14199 heap-use 29132660 39641548: 0x1d08494
[08:42] [info] link finish: time-of-day
[08:42] [debug] [link and exec] sky-utils          0   1144 heap-use 29143472 39641548: 0x1d0aed0
[08:42] [info] link finish: sky-utils
[08:42] [debug] [link and exec] sky                0   5028 heap-use 29144298 39641548: 0x1d0b20a
[08:42] [info] link finish: sky
[08:42] [debug] [link and exec] sky-tng            0  20287 heap-use 29146016 39642846: 0x1d0b8c0
[08:42] [info] link finish: sky-tng
[08:42] [debug] [link and exec] load-boundary-h    0   4666 heap-use 29163388 39642846: 0x1d0fc9c
[08:42] [info] link finish: load-boundary-h
[08:42] [debug] [link and exec] load-boundary      0  48072 heap-use 29164240 39645324: 0x1d0fff0
[08:42] [info] link finish: load-boundary
[08:42] [debug] [link and exec] load-boundary-data 0  53784 heap-use 29194588 39659935: 0x1d1767c
[08:42] [info] link finish: load-boundary-data
[08:42] [debug] [link and exec] level-info         0  57942 heap-use 29246736 39659935: 0x1d24230
[08:42] [info] link finish: level-info
[08:42] [debug] [link and exec] level              0  40114 heap-use 29283288 39659935: 0x1d2d0f8
[08:42] [info] link finish: level
[08:42] [debug] [link and exec] text               0  13960 heap-use 29458416 39660043: 0x1d57d10
[08:42] [info] link finish: text
[08:42] [debug] [link and exec] collide-probe      0   7388 heap-use 29533712 39660043: 0x1d6a330
[08:42] [info] link finish: collide-probe
[08:42] [debug] [link and exec] collide-frag       0   3073 heap-use 29538560 39660430: 0x1d6b620
[08:42] [info] link finish: collide-frag
[08:42] [debug] [link and exec] collide-mesh       0   6522 heap-use 29540388 39660430: 0x1d6bd44
[08:42] [info] link finish: collide-mesh
[08:42] [debug] [link and exec] collide-touch      0   7206 heap-use 29545104 39660964: 0x1d6cfb0
[08:42] [info] link finish: collide-touch
[08:42] [debug] [link and exec] collide-edge-grab  0  12566 heap-use 29550176 39661231: 0x1d6e380
[08:42] [info] link finish: collide-edge-grab
[08:42] [debug] [link and exec] collide-shape      0  61338 heap-use 29559232 39661640: 0x1d706e0
[08:42] [info] link finish: collide-shape
[08:42] [debug] [link and exec] collide-shape-rider 0   8688 heap-use 29605932 39663644: 0x1d7bd4c
[08:42] [info] link finish: collide-shape-rider
[08:42] [debug] [link and exec] collide            0    253 heap-use 29612791 39663644: 0x1d7d817
[08:42] [info] link finish: collide
[08:42] [debug] [link and exec] merc-death         0   2512 heap-use 29612892 39663644: 0x1d7d87c
[08:42] [info] link finish: merc-death
[08:42] [debug] [link and exec] water-h            0   5401 heap-use 29613984 39664054: 0x1d7dcc0
[08:42] [info] link finish: water-h
[08:42] [debug] [link and exec] camera             0  47490 heap-use 29614368 39667496: 0x1d7de40
[08:42] [info] link finish: camera
[08:42] [debug] [link and exec] cam-interface      0   1883 heap-use 29650905 39667496: 0x1d86cf9
[08:42] [info] link finish: cam-interface
[08:42] [debug] [link and exec] cam-master         0  39640 heap-use 29651808 39667496: 0x1d87080
[08:42] [info] link finish: cam-master
[08:42] [debug] [link and exec] cam-states         0  97836 heap-use 29683808 39668408: 0x1d8ed80
[08:42] [info] link finish: cam-states
[08:42] [debug] [link and exec] cam-states-dbg     0  22003 heap-use 29755984 39671807: 0x1da0770
[08:42] [info] link finish: cam-states-dbg
[08:42] [debug] [link and exec] cam-combiner       0  11715 heap-use 29769952 39673633: 0x1da3e00
[08:42] [info] link finish: cam-combiner
[08:42] [debug] [link and exec] cam-update         0  13653 heap-use 29779290 39673633: 0x1da627a
[08:42] [info] link finish: cam-update
[08:42] [debug] [link and exec] vol-h              0   3391 heap-use 29789392 39673633: 0x1da89f0
[08:42] [info] link finish: vol-h
[08:42] [debug] [link and exec] cam-layout         0 100714 heap-use 29790576 39674813: 0x1da8e90
[08:42] [info] link finish: cam-layout
[08:42] [debug] [link and exec] cam-debug          0  51438 heap-use 29796224 39771568: 0x1daa4a0
[08:42] [info] link finish: cam-debug
[08:42] [debug] [link and exec] cam-start          0   1247 heap-use 29798320 39986832: 0x1daacd0
[08:42] [info] link finish: cam-start
[08:42] [debug] [link and exec] process-drawable   0  29243 heap-use 29798930 39986832: 0x1daaf32
[08:42] [info] link finish: process-drawable
[08:42] [debug] [link and exec] hint-control       0   6697 heap-use 29819263 40005273: 0x1dafe9f
[08:42] [info] link finish: hint-control
[08:42] [debug] [link and exec] ambient            0  32529 heap-use 29824250 40005273: 0x1db121a
[08:42] [info] link finish: ambient
[08:42] [debug] [link and exec] assert             0   1519 heap-use 29848606 40005273: 0x1db713e
[08:42] [info] link finish: assert
[08:42] [debug] [link and exec] generic-obs        0  59961 heap-use 29849700 40005273: 0x1db7584
[08:42] [info] link finish: generic-obs
[08:42] [debug] [link and exec] target-util        0  35957 heap-use 29894825 40006219: 0x1dc25c9
[08:42] [info] link finish: target-util
[08:42] [debug] [link and exec] target-part        0  45157 heap-use 29916039 40013718: 0x1dc78a7
[08:42] [info] link finish: target-part
[08:42] [debug] [link and exec] collide-reaction-target 0  14113 heap-use 29951509 40013718: 0x1dd0335
[08:42] [info] link finish: collide-reaction-target
[08:42] [debug] [link and exec] logic-target       0  57038 heap-use 29963458 40013718: 0x1dd31e2
[08:42] [info] link finish: logic-target
[08:42] [debug] [link and exec] sidekick           0   7665 heap-use 30000791 40021761: 0x1ddc3b7
[08:42] [info] link finish: sidekick
[08:42] [debug] [link and exec] voicebox           0   9342 heap-use 30005824 40021761: 0x1ddd760
[08:42] [info] link finish: voicebox
[08:42] [debug] [link and exec] target-handler     0  22459 heap-use 30011296 40022343: 0x1ddecc0
[08:42] [info] link finish: target-handler
[08:42] [debug] [link and exec] target             0 124134 heap-use 30029650 40022343: 0x1de3472
[08:42] [info] link finish: target
[08:42] [debug] [link and exec] target2            0 107044 heap-use 30128802 40022343: 0x1dfb7c2
[08:42] [info] link finish: target2
[08:42] [debug] [link and exec] target-death       0  51704 heap-use 30223632 40022955: 0x1e12a30
[08:42] [info] link finish: target-death
[08:42] [debug] [link and exec] menu               0  31210 heap-use 30263600 40022955: 0x1e1c650
[08:42] [info] link finish: menu
[08:42] [debug] [link and exec] drawable           0  39533 heap-use 30266240 40044522: 0x1e1d0a0
[08:42] [info] link finish: drawable
[08:42] [debug] [link and exec] drawable-group     0   3052 heap-use 30285456 40053776: 0x1e21bb0
[08:42] [info] link finish: drawable-group
[08:42] [debug] [link and exec] drawable-inline-array 0    543 heap-use 30287351 40053776: 0x1e22317
[08:42] [info] link finish: drawable-inline-array
[08:42] [debug] [link and exec] drawable-tree      0   1733 heap-use 30287429 40053776: 0x1e22365
[08:42] [info] link finish: drawable-tree
[08:42] [debug] [link and exec] prototype          0   2904 heap-use 30288658 40053776: 0x1e22832
[08:42] [info] link finish: prototype
[08:42] [debug] [link and exec] main-collide       0   1493 heap-use 30290783 40053776: 0x1e2307f
[08:42] [info] link finish: main-collide
[08:42] [debug] [link and exec] video              0   3080 heap-use 30291964 40053776: 0x1e2351c
[08:42] [info] link finish: video
[08:42] [debug] [link and exec] main               0  31436 heap-use 30293736 40053776: 0x1e23c08
[08:42] [info] link finish: main
[08:42] [debug] [link and exec] collide-cache      0  30197 heap-use 30317252 40053776: 0x1e297e4
[08:42] [info] link finish: collide-cache
[08:42] [debug] [link and exec] relocate           0   7312 heap-use 30340832 40054632: 0x1e2f400
[08:42] [info] link finish: relocate
[08:42] [debug] [link and exec] memory-usage       0  12426 heap-use 30345446 40054632: 0x1e30606
[08:42] [info] link finish: memory-usage
[08:42] [debug] [link and exec] entity             0  37438 heap-use 30345474 40064655: 0x1e30622
[08:42] [info] link finish: entity
[08:42] [debug] [link and exec] path               0   7545 heap-use 30374210 40065327: 0x1e37662
[08:42] [info] link finish: path
[08:42] [debug] [link and exec] vol                0   7158 heap-use 30379275 40065327: 0x1e38a2b
[08:42] [info] link finish: vol
[08:42] [debug] [link and exec] navigate           0  67560 heap-use 30385028 40065327: 0x1e3a0a4
[08:42] [info] link finish: navigate
[08:42] [debug] [link and exec] aligner            0   3510 heap-use 30438064 40068399: 0x1e46fd0
[08:42] [info] link finish: aligner
[08:42] [debug] [link and exec] effect-control     0  22702 heap-use 30440356 40068399: 0x1e478c4
[08:42] [info] link finish: effect-control
[08:42] [debug] [link and exec] water              0  38092 heap-use 30460098 40068399: 0x1e4c5e2
[08:42] [info] link finish: water
[08:42] [debug] [link and exec] collectables-part  0  48733 heap-use 30488800 40068399: 0x1e53600
[08:42] [info] link finish: collectables-part
[08:42] [debug] [link and exec] collectables       0  84163 heap-use 30528642 40068399: 0x1e5d1a2
[08:42] [info] link finish: collectables
[08:42] [debug] [link and exec] task-control       0  63059 heap-use 30588992 40072384: 0x1e6bd60
[08:42] [info] link finish: task-control
[08:42] [debug] [link and exec] process-taskable   0  35510 heap-use 30632853 40072882: 0x1e768b5
[08:42] [info] link finish: process-taskable
[08:42] [debug] [link and exec] pov-camera         0   9265 heap-use 30657752 40072882: 0x1e7c9f8
[08:42] [info] link finish: pov-camera
[08:42] [debug] [link and exec] powerups           0  18849 heap-use 30664135 40072882: 0x1e7e2e7
[08:42] [info] link finish: powerups
[08:42] [debug] [link and exec] crates             0  38807 heap-use 30678884 40072882: 0x1e81c84
[08:42] [info] link finish: crates
[08:42] [debug] [link and exec] hud                0  14190 heap-use 30705632 40074186: 0x1e88500
[08:42] [info] link finish: hud
[08:42] [debug] [link and exec] hud-classes        0  53650 heap-use 30716298 40074186: 0x1e8aeaa
[08:42] [info] link finish: hud-classes
[08:42] [debug] [link and exec] progress-static    0  15722 heap-use 30754512 40076221: 0x1e943f0
[08:42] [info] link finish: progress-static
[08:42] [debug] [link and exec] progress-part      0  35562 heap-use 30766617 40076221: 0x1e97339
[08:42] [info] link finish: progress-part
[08:42] [debug] [link and exec] progress-draw      0  41897 heap-use 30794453 40076221: 0x1e9dff5
[08:42] [info] link finish: progress-draw
[08:42] [debug] [link and exec] progress           0  77673 heap-use 30828892 40076221: 0x1ea667c
[08:42] [info] link finish: progress
[08:42] [debug] [link and exec] progress-pc        0 126894 heap-use 30903744 40077234: 0x1eb8ae0
[08:42] [info] link finish: progress-pc
[08:42] [debug] [link and exec] credits            0   4032 heap-use 31053849 40078393: 0x1edd539
[08:42] [info] link finish: credits
[08:42] [debug] [link and exec] projectiles        0  33471 heap-use 31056671 40078393: 0x1ede03f
[08:42] [info] link finish: projectiles
[08:42] [debug] [link and exec] ocean              0  13276 heap-use 31081124 40079290: 0x1ee3fc4
[08:42] [info] link finish: ocean
[08:42] [debug] [link and exec] ocean-vu0          0    664 heap-use 31091088 40079290: 0x1ee66b0
[08:42] [info] link finish: ocean-vu0
[08:42] [debug] [link and exec] ocean-texture      0   3563 heap-use 31091536 40079290: 0x1ee6870
[08:42] [info] link finish: ocean-texture
[08:42] [debug] [link and exec] ocean-mid          0  21233 heap-use 31093840 40079290: 0x1ee7170
[08:42] [info] link finish: ocean-mid
[08:42] [debug] [link and exec] ocean-transition   0  15895 heap-use 31111166 40079290: 0x1eeb51e
[08:42] [info] link finish: ocean-transition
[08:42] [debug] [link and exec] ocean-near         0   8288 heap-use 31124479 40079290: 0x1eee91f
[08:42] [info] link finish: ocean-near
[08:42] [debug] [link and exec] shadow             0   3713 heap-use 31131186 40079290: 0x1ef0352
[08:42] [info] link finish: shadow
[08:42] [debug] [link and exec] eye                0  14202 heap-use 31133764 40079290: 0x1ef0d64
[08:42] [info] link finish: eye
[08:42] [debug] [link and exec] glist-h            0   3750 heap-use 31146116 40079290: 0x1ef3da4
[08:42] [info] link finish: glist-h
[08:42] [debug] [link and exec] glist              0   4345 heap-use 31146704 40080934: 0x1ef3ff0
[08:42] [info] link finish: glist
[08:42] [debug] [link and exec] anim-tester        0  65506 heap-use 31147129 40083107: 0x1ef4199
[08:42] [info] link finish: anim-tester
[08:42] [debug] [link and exec] viewer             0   7288 heap-use 31149760 40132353: 0x1ef4be0
[08:42] [info] link finish: viewer
[08:42] [debug] [link and exec] part-tester        0   3583 heap-use 31154857 40132472: 0x1ef5fc9
[08:42] [info] link finish: part-tester
[08:42] [debug] [link and exec] default-menu       0 256594 heap-use 31155216 40199904: 0x1ef6130
[08:42] [info] link finish: default-menu
[08:42] [debug] [link and exec] anim-tester-x      0  21499 heap-use 31158366 40425704: 0x1ef6d7e
[08:42] [info] link finish: anim-tester-x
[08:42] [debug] [link and exec] entity-debug       0  24231 heap-use 31159760 40440049: 0x1ef72f0
[08:42] [info] link finish: entity-debug
[08:42] [debug] [link and exec] subtitle           0  29403 heap-use 31160484 40463257: 0x1ef75c4
[08:42] [info] link finish: subtitle
[08:42] [debug] [link and exec] default-menu-pc    0  84417 heap-use 31442528 40466145: 0x1f3c380
[08:42] [info] link finish: default-menu-pc
[08:42] [debug] [link and exec] dir-tpages         0  22608 heap-use 31444386 40560040: 0x1f3cac2
[08:42] [info] link finish: dir-tpages
[08:42] [debug] [link and exec] tpage-463          0 242720 heap-use 31463728 40560040: 0x1f41650
[08:42] [info] link finish: tpage-463
[08:42] [debug] [link and exec] tpage-2            0 152752 heap-use 31476968 40560040: 0x1f44a08
[08:42] [info] link finish: tpage-2
[08:42] [debug] [link and exec] tpage-880          0  16944 heap-use 31482156 40560040: 0x1f45e4c
[08:42] [info] link finish: tpage-880
[08:42] [debug] [link and exec] tpage-256          0  17168 heap-use 31482580 40560040: 0x1f45ff4
[08:42] [info] link finish: tpage-256
[08:42] [debug] [link and exec] tpage-1278         0 181088 heap-use 31483248 40560040: 0x1f46290
[08:42] [info] link finish: tpage-1278
[08:42] [debug] [link and exec] texture-upload     0    720 heap-use 31483984 40560040: 0x1f46570
[08:42] [info] link finish: texture-upload
[08:42] [debug] [link and exec] tpage-1032         0 263456 heap-use 31484104 40560040: 0x1f465e8
[08:42] [info] link finish: tpage-1032
[08:42] [debug] [link and exec] tpage-62           0  34496 heap-use 31747460 40560040: 0x1f86aa4
[08:42] [info] link finish: tpage-62
[08:42] [debug] [link and exec] tpage-1532         0  34224 heap-use 31749044 40560040: 0x1f870d4
[08:42] [info] link finish: tpage-1532
[08:42] [debug] [link and exec] fuel-cell          0  21728 heap-use 31750408 40560040: 0x1f87628
[08:42] [info] link finish: fuel-cell
[08:42] [debug] [link and exec] money              0   6400 heap-use 31771702 40560040: 0x1f8c956
[08:42] [info] link finish: money
[08:42] [debug] [link and exec] buzzer             0  12048 heap-use 31777712 40560040: 0x1f8e0d0
[08:42] [info] link finish: buzzer
[08:42] [debug] [link and exec] ecovalve           0   5280 heap-use 31789360 40560040: 0x1f90e50
[08:42] [info] link finish: ecovalve
[08:42] [debug] [link and exec] crate              0  64416 heap-use 31794240 40560040: 0x1f92160
[08:42] [info] link finish: crate
[08:42] [debug] [link and exec] speaker            0  23184 heap-use 31857680 40560040: 0x1fa1930
[08:42] [info] link finish: speaker
[08:42] [debug] [link and exec] fuelcell-naked     0   4736 heap-use 31880528 40560040: 0x1fa7270
[08:42] [info] link finish: fuelcell-naked
[08:42] [debug] [link and exec] eichar             0 1349024 heap-use 31884928 40560040: 0x1fa83a0
[08:42] [info] link finish: eichar
[08:42] [debug] [link and exec] sidekick           0 675936 heap-use 33204276 40560040: 0x20ea554
[08:42] [info] link finish: sidekick
[08:42] [debug] [link and exec] deathcam           0   1888 heap-use 33865896 40560040: 0x218bdc8
[08:42] [info] link finish: deathcam
[08:42] [debug] [link and exec] game-cnt           0    224 heap-use 33867520 40560040: 0x218c420
[08:42] [info] link finish: game-cnt
[08:42] [debug] [link and exec] rigid-body-h       0   3103 heap-use 33867664 40560040: 0x218c4b0
[08:42] [info] link finish: rigid-body-h
[08:42] [debug] [link and exec] water-anim         0  23985 heap-use 33867920 40562103: 0x218c5b0
[08:42] [info] link finish: water-anim
[08:42] [debug] [link and exec] dark-eco-pool      0   8367 heap-use 33881232 40562675: 0x218f9b0
[08:42] [info] link finish: dark-eco-pool
[08:42] [debug] [link and exec] rigid-body         0  23265 heap-use 33887168 40562723: 0x21910e0
[08:42] [info] link finish: rigid-body
[08:42] [debug] [link and exec] nav-enemy-h        0   8578 heap-use 33900016 40566641: 0x2194310
[08:42] [info] link finish: nav-enemy-h
[08:42] [debug] [link and exec] nav-enemy          0  54266 heap-use 33900480 40573019: 0x21944e0
[08:42] [info] link finish: nav-enemy
[08:42] [debug] [link and exec] baseplat           0  13827 heap-use 33941117 40573019: 0x219e39d
[08:42] [info] link finish: baseplat
[08:42] [debug] [link and exec] basebutton         0  22867 heap-use 33949904 40574314: 0x21a05f0
[08:42] [info] link finish: basebutton
[08:42] [debug] [link and exec] tippy              0   2422 heap-use 33964624 40575755: 0x21a3f70
[08:42] [info] link finish: tippy
[08:42] [debug] [link and exec] joint-exploder     0  16874 heap-use 33965600 40576314: 0x21a4340
[08:42] [info] link finish: joint-exploder
[08:42] [debug] [link and exec] babak              0  12734 heap-use 33974720 40579822: 0x21a66e0
[08:42] [info] link finish: babak
[08:42] [debug] [link and exec] sharkey            0  25324 heap-use 33983395 40579859: 0x21a88c3
[08:42] [info] link finish: sharkey
[08:42] [debug] [link and exec] orb-cache          0  11901 heap-use 34000000 40581168: 0x21ac9a0
[08:42] [info] link finish: orb-cache
[08:42] [debug] [link and exec] plat               0   8089 heap-use 34007483 40581948: 0x21ae6db
[08:42] [info] link finish: plat
[08:42] [debug] [link and exec] plat-button        0  15070 heap-use 34012400 40582219: 0x21afa10
[08:42] [info] link finish: plat-button
[08:42] [debug] [link and exec] plat-eco           0  10395 heap-use 34021712 40583050: 0x21b1e70
[08:42] [info] link finish: plat-eco
[08:42] [debug] [link and exec] ropebridge         0  20530 heap-use 34027824 40583690: 0x21b3650
[08:42] [info] link finish: ropebridge
[08:42] [debug] [link and exec] ticky              0   1877 heap-use 34040224 40586886: 0x21b66c0
[08:42] [info] link finish: ticky
[08:42] [debug] [OVERLORD] FS_Close GAME    CGO @ 137/4272
[08:42] [debug] [link and exec] hud-classes-pc     1  19720 heap-use 34040976 40587263: 0x21b69b0
[08:42] [info] link finish: hud-classes-pc
[08:42] [info] calling play
[08:42] [debug] [OVERLORD] Queue 0 (1/4), LoadDGO
[08:42] [debug]   PRI 0 elt 0 LoadDGO @ #x7FF7B9F426B8
[08:42] [debug] [OVERLORD] FS Open VI1     DGO
[08:42] [info] [Overlord DGO] Got DGO file header for VI1.DGO with 55 objects
[08:42] [info] link finish: villagep-obs
[08:42] [info] link finish: oracle
[08:42] [info] link finish: farmer
[08:42] [info] link finish: explorer
[08:42] [info] link finish: assistant
[08:42] [info] link finish: sage
[08:42] [info] link finish: yakow
[08:42] [info] link finish: village-obs
[08:42] [info] link finish: fishermans-boat
[08:42] [info] link finish: village1-part
[08:42] [info] link finish: village1-part2
[08:42] [info] link finish: sequence-a-village1
[08:42] [info] link finish: tpage-398
[08:42] [info] link finish: tpage-400
[08:42] [info] link finish: tpage-399
[08:42] [info] link finish: tpage-401
[08:42] [info] link finish: tpage-1470
[08:42] [info] link finish: assistant
[08:42] [info] link finish: evilplant
[08:42] [info] link finish: explorer
[08:42] [info] link finish: farmer
[08:42] [info] link finish: fishermans-boat
[08:42] [info] link finish: hutlamp
[08:42] [info] link finish: mayorgears
[08:42] [info] link finish: medres-beach
[08:42] [info] link finish: medres-beach1
[08:42] [info] link finish: medres-beach2
[08:42] [info] link finish: medres-beach3
[08:42] [info] link finish: medres-jungle
[08:42] [info] link finish: medres-jungle1
[08:42] [info] link finish: medres-jungle2
[08:42] [info] link finish: medres-misty
[08:42] [info] link finish: medres-training
[08:42] [info] link finish: medres-village11
[08:42] [info] link finish: medres-village12
[08:42] [info] link finish: medres-village13
[08:42] [info] link finish: oracle
[08:42] [info] link finish: orb-cache-top
[08:42] [info] link finish: reflector-middle
[08:42] [info] link finish: revcycle
[08:42] [info] link finish: revcycleprop
[08:42] [info] link finish: ropebridge-32
[08:42] [info] link finish: sage
[08:42] [info] link finish: sagesail
[08:42] [info] link finish: sharkey
[08:42] [info] link finish: villa-starfish
[08:42] [info] link finish: village-cam
[08:42] [info] link finish: village1cam
[08:42] [info] link finish: warp-gate-switch
[08:42] [info] link finish: warpgate
[08:42] [info] link finish: water-anim-village1
[08:42] [info] link finish: windmill-sail
[08:42] [info] link finish: windspinner
[08:42] [info] link finish: yakow
[08:42] [debug] [OVERLORD] FS_Close VI1     DGO @ 288/5616
[08:42] [info] link finish: village1-vis
[08:42] [info] InitListenerConnect
[08:42] [info] InitCheckListener
[08:42] [warn] sceGsResetGraph: mode 0 inter 1 omode 2 fmode 1
[08:42] [debug] [OVERLORD] LoadISOFileToEE 0SUBTIT TXT, 262144/-1 bytes
[08:42] [debug] [OVERLORD] Queue 2 (1/4), LoadSingle
[08:42] [info] FBO Setup: requested 640x480, msaa 2
[08:42] [debug]   PRI 2 elt 0 LoadSingle @ #x1B4E7311D58
[08:42] [info] FBO Setup: using second temporary buffer: res: 640x480 640x480
[08:42] [debug] [OVERLORD] FS Open 0SUBTIT TXT
[08:42] [debug] [OVERLORD] FS_Close 0SUBTIT TXT @ 1/120
[08:42] [info] link finish: 0subtit.TXT
[08:42] [debug] [OVERLORD] LoadISOFileToEE 6COMMON TXT, 64000/-1 bytes
[08:42] [debug] [OVERLORD] Queue 2 (1/4), LoadSingle
[08:42] [debug]   PRI 2 elt 0 LoadSingle @ #x1B4E7311D58
[08:42] [debug] [OVERLORD] FS Open 6COMMON TXT
[08:42] [debug] [OVERLORD] FS_Close 6COMMON TXT @ 28/48
[08:42] [info] link finish: 6common.TXT
[08:42] [debug] [OVERLORD] LoadISOFileToEE 0COMMON TXT, 49152/-1 bytes
[08:42] [debug] [OVERLORD] Queue 2 (1/4), LoadSingle
[08:42] [debug]   PRI 2 elt 0 LoadSingle @ #x1B4E7311D58
[08:42] [debug] [OVERLORD] FS Open 0COMMON TXT
[08:42] [debug] [OVERLORD] FS_Close 0COMMON TXT @ 0/48
[08:42] [info] link finish: 0common.TXT
[08:42] [warn] Failed to find texture at 0, using random (direct: [ 3] sky-direct)
[08:42] [info] Loaded midi V1RA
[08:42] [debug] [OVERLORD] LoadISOFileToIOP VI1     VIS, 617696/-1 bytes
[08:42] [debug] [OVERLORD] Queue 2 (1/4), LoadSingle
[08:42] [debug]   PRI 2 elt 0 LoadSingle @ #x1B4E63CBDC8
[08:42] [debug] [OVERLORD] FS Open VI1     VIS
[08:42] [debug] [OVERLORD] FS_Close VI1     VIS @ 289/336
[08:42] [debug] [OVERLORD] Queue 0 (1/4), LoadDGO
[08:42] [debug]   PRI 0 elt 0 LoadDGO @ #x7FF7B9F426B8
[08:42] [debug] [OVERLORD] FS Open BEA     DGO
[08:42] [info] [Overlord DGO] Got DGO file header for BEA.DGO with 50 objects
[08:42] [info] link finish: mistycannon
[08:42] [info] link finish: babak-with-cannon
[08:42] [info] link finish: air-h
[08:42] [info] link finish: air
[08:42] [info] link finish: wobbler
[08:42] [info] link finish: twister
[08:42] [info] link finish: beach-obs
[08:43] [info] link finish: bird-lady
[08:43] [info] link finish: bird-lady-beach
[08:43] [info] link finish: mayor
[08:43] [info] link finish: sculptor
[08:43] [info] link finish: pelican
[08:43] [info] link finish: lurkerworm
[08:44] [info] link finish: lurkercrab
[08:44] [info] link finish: lurkerpuppy
[08:44] [info] link finish: beach-rocks
[08:44] [info] link finish: seagull
[08:44] [info] link finish: beach-part
[08:44] [info] link finish: tpage-212
[08:44] [info] link finish: tpage-214
[08:44] [info] link finish: tpage-213
[08:44] [info] link finish: tpage-215
[08:44] [info] link finish: babak
[08:44] [info] link finish: barrel
[08:44] [info] link finish: beachcam
[08:44] [info] link finish: bird-lady
[08:44] [info] link finish: bird-lady-beach
[08:44] [info] link finish: bladeassm
[08:44] [info] link finish: ecovalve
[08:44] [info] link finish: ecoventrock
[08:44] [info] link finish: flutflut
[08:44] [info] link finish: flutflutegg
[08:44] [info] link finish: grottopole
[08:44] [info] link finish: harvester
[08:44] [info] link finish: kickrock
[08:44] [info] link finish: lrocklrg
[08:44] [info] link finish: lurkercrab
[08:44] [info] link finish: lurkerpuppy
[08:44] [info] link finish: lurkerworm
[08:44] [info] link finish: mayor
[08:44] [info] link finish: mistycannon
[08:44] [info] link finish: orb-cache-top
[08:44] [info] link finish: pelican
[08:44] [info] link finish: sack
[08:44] [info] link finish: sculptor
[08:44] [info] link finish: sculptor-muse
[08:44] [info] link finish: seagull
[08:44] [info] link finish: sharkey
[08:44] [info] link finish: windmill-one
[08:45] [debug] [OVERLORD] FS_Close BEA     DGO @ 53/5256
[08:45] [info] link finish: beach-vis
[08:45] [debug] [DECI2] Connected!
[08:45] [debug] [OVERLORD] LoadISOFileToIOP SAISD1  STR, 512/-1 bytes
[08:45] [debug] [OVERLORD] Queue 2 (1/4), LoadSingle
[08:45] [debug]   PRI 2 elt 0 LoadSingle @ #x1B4E7311D58
[08:45] [debug] [OVERLORD] FS Open SAISD1  STR
[08:45] [debug] [OVERLORD] FS_Close SAISD1  STR @ 244/48
[08:45] [debug] [OVERLORD] LoadISOFileChunkToEE SAISD1  STR : 145408 offset 1
[08:45] [debug] [OVERLORD] Queue 2 (1/4), LoadSingle
[08:45] [debug]   PRI 2 elt 0 LoadSingle @ #x1B4E7311D58
[08:45] [debug] [OVERLORD] FS Open SAISD1  STR
[08:45] [debug] [OVERLORD] FS_Close SAISD1  STR @ 244/97
[08:45] [info] link finish: sage-intro-sequence-d1
[08:45] [debug] [OVERLORD] LoadISOFileToIOP ASIBESWISTR, 512/-1 bytes
[08:45] [debug] [OVERLORD] Queue 2 (1/4), LoadSingle
[08:45] [debug]   PRI 2 elt 0 LoadSingle @ #x1B4E7311D58
[08:45] [debug] [OVERLORD] FS Open ASIBESWISTR
[08:45] [debug] [OVERLORD] FS_Close ASIBESWISTR @ 46/48
[08:45] [debug] [OVERLORD] LoadISOFileChunkToEE ASIBESWISTR : 145408 offset 1
[08:45] [debug] [OVERLORD] Queue 2 (1/4), LoadSingle
[08:45] [debug]   PRI 2 elt 0 LoadSingle @ #x1B4E7311D58
[08:45] [debug] [OVERLORD] FS Open ASIBESWISTR
[08:45] [debug] [OVERLORD] FS_Close ASIBESWISTR @ 46/97
[08:45] [info] link finish: assistant-introduction-blue-eco-switch
[08:45] [debug] [OVERLORD] LoadISOFileChunkToEE SAISD1  STR : 145408 offset 1
[08:45] [debug] [OVERLORD] Queue 2 (1/4), LoadSingle
[08:45] [debug]   PRI 2 elt 0 LoadSingle @ #x1B4E7311D58
[08:45] [debug] [OVERLORD] FS Open SAISD1  STR
[08:45] [debug] [OVERLORD] FS_Close SAISD1  STR @ 244/97
[08:45] [info] link finish: sage-intro-sequence-d1
[08:45] [debug] [OVERLORD] Queue 3 (1/4), QueueVAG
[08:45] [debug]   PRI 3 elt 0 QueueVAG @ #x7FF7B9F427F0
[08:45] [debug] [OVERLORD] FS_OpenWad VAGWAD  ENG
[08:55] [debug] [EE] Done!
[08:55] [debug] # Stop DMP
[08:55] [debug] [SYSTEM] Thread IOP is returning
[08:55] [debug] # Stop IOP
[08:55] [debug] # Stop EE
[08:55] [debug] # Stop VM-DMAC
[08:55] [debug] [SYSTEM] Thread EE is returning
[08:55] [debug] [SYSTEM] Thread DMP is returning
[08:55] [debug] # Stop DMP
[08:55] [debug] # Stop IOP
[08:55] [debug] # Stop EE
[08:55] [debug] # Stop VM-DMAC
[08:55] [debug]  # Join DMP
[08:55] [debug]  # Join IOP
[08:55] [debug]  # Join EE
[08:55] [debug]  # Join VM-DMAC
[08:55] [info] GFX Exit
[08:55] [info] GOAL Runtime Shutdown (code 2)
